<?xml version="1.0" encoding="UTF-8"?>
<!-- Generated by org.testng.reporters.JUnitReportReporter -->
<testsuite hostname="Aadya" name="com.test.automation.uiHB.Tc_001" tests="3" failures="0" timestamp="8 May 2018 11:30:34 GMT" time="258.181" errors="0">
  <testcase name="hpEnterValues" time="98.426" classname="com.test.automation.uiHB.Tc_001"/>
  <testcase name="hpEnterValues" time="84.429" classname="com.test.automation.uiHB.Tc_001"/>
  <testcase name="hpEnterValues" time="75.326" classname="com.test.automation.uiHB.Tc_001"/>
</testsuite> <!-- com.test.automation.uiHB.Tc_001 -->
